10-Dec-2024 12:16:15.178 INFO [main] org.apache.catalina.startup.VersionLoggerListener.log Server version name:   Apache Tomcat/10.1.24
10-Dec-2024 12:16:15.184 INFO [main] org.apache.catalina.startup.VersionLoggerListener.log Server built:          May 9 2024 17:41:23 UTC
10-Dec-2024 12:16:15.184 INFO [main] org.apache.catalina.startup.VersionLoggerListener.log Server version number: 10.1.24.0
10-Dec-2024 12:16:15.184 INFO [main] org.apache.catalina.startup.VersionLoggerListener.log OS Name:               Windows 11
10-Dec-2024 12:16:15.184 INFO [main] org.apache.catalina.startup.VersionLoggerListener.log OS Version:            10.0
10-Dec-2024 12:16:15.184 INFO [main] org.apache.catalina.startup.VersionLoggerListener.log Architecture:          amd64
10-Dec-2024 12:16:15.184 INFO [main] org.apache.catalina.startup.VersionLoggerListener.log Java Home:             C:\Program Files\Java\jdk-17
10-Dec-2024 12:16:15.185 INFO [main] org.apache.catalina.startup.VersionLoggerListener.log JVM Version:           17.0.11+7-LTS-207
10-Dec-2024 12:16:15.185 INFO [main] org.apache.catalina.startup.VersionLoggerListener.log JVM Vendor:            Oracle Corporation
10-Dec-2024 12:16:15.185 INFO [main] org.apache.catalina.startup.VersionLoggerListener.log CATALINA_BASE:         C:\Users\voduc\OneDrive\Máy tính\LapTrinhWeb
10-Dec-2024 12:16:15.185 INFO [main] org.apache.catalina.startup.VersionLoggerListener.log CATALINA_HOME:         C:\Users\voduc\apache-tomcat-10.1.24
10-Dec-2024 12:16:15.200 INFO [main] org.apache.catalina.startup.VersionLoggerListener.log Command line argument: --add-opens=java.base/java.lang=ALL-UNNAMED
10-Dec-2024 12:16:15.200 INFO [main] org.apache.catalina.startup.VersionLoggerListener.log Command line argument: --add-opens=java.base/java.io=ALL-UNNAMED
10-Dec-2024 12:16:15.200 INFO [main] org.apache.catalina.startup.VersionLoggerListener.log Command line argument: --add-opens=java.base/java.util=ALL-UNNAMED
10-Dec-2024 12:16:15.200 INFO [main] org.apache.catalina.startup.VersionLoggerListener.log Command line argument: --add-opens=java.base/java.util.concurrent=ALL-UNNAMED
10-Dec-2024 12:16:15.200 INFO [main] org.apache.catalina.startup.VersionLoggerListener.log Command line argument: --add-opens=java.rmi/sun.rmi.transport=ALL-UNNAMED
10-Dec-2024 12:16:15.200 INFO [main] org.apache.catalina.startup.VersionLoggerListener.log Command line argument: -Dcatalina.home=C:\Users\voduc\apache-tomcat-10.1.24
10-Dec-2024 12:16:15.200 INFO [main] org.apache.catalina.startup.VersionLoggerListener.log Command line argument: -Dcatalina.base=C:\Users\voduc\OneDrive\Máy tính\LapTrinhWeb
10-Dec-2024 12:16:15.201 INFO [main] org.apache.catalina.startup.VersionLoggerListener.log Command line argument: -Djava.io.tmpdir=C:\Users\voduc\OneDrive\Máy tính\LapTrinhWeb\temp
10-Dec-2024 12:16:15.201 INFO [main] org.apache.catalina.startup.VersionLoggerListener.log Command line argument: -Djava.util.logging.config.file=C:\Users\voduc\OneDrive\Máy tính\LapTrinhWeb\conf\logging.properties
10-Dec-2024 12:16:15.201 INFO [main] org.apache.catalina.startup.VersionLoggerListener.log Command line argument: -Djava.util.logging.manager=org.apache.juli.ClassLoaderLogManager
10-Dec-2024 12:16:15.201 INFO [main] org.apache.catalina.startup.VersionLoggerListener.log Command line argument: -javaagent:C:\Program Files\JetBrains\IntelliJ IDEA 2023.2\lib\idea_rt.jar=55389:C:\Program Files\JetBrains\IntelliJ IDEA 2023.2\bin
10-Dec-2024 12:16:15.201 INFO [main] org.apache.catalina.startup.VersionLoggerListener.log Command line argument: -Dfile.encoding=UTF-8
10-Dec-2024 12:16:15.208 INFO [main] org.apache.catalina.core.AprLifecycleListener.lifecycleEvent Loaded Apache Tomcat Native library [2.0.7] using APR version [1.7.4].
10-Dec-2024 12:16:15.231 INFO [main] org.apache.catalina.core.AprLifecycleListener.initializeSSL OpenSSL successfully initialized [OpenSSL 3.0.13 30 Jan 2024]
10-Dec-2024 12:16:15.557 INFO [main] org.apache.coyote.AbstractProtocol.init Initializing ProtocolHandler ["http-nio-8080"]
10-Dec-2024 12:16:15.584 INFO [main] org.apache.coyote.AbstractProtocol.init Initializing ProtocolHandler ["https-openssl-nio-8443"]
10-Dec-2024 12:16:15.996 INFO [main] org.apache.tomcat.util.net.AbstractEndpoint.logCertificate Connector [https-openssl-nio-8443], TLS virtual host [_default_], certificate type [RSA] configured from keystore [conf/key.jks] using alias [tomcat] with trust store [null]
10-Dec-2024 12:16:16.003 INFO [main] org.apache.catalina.startup.Catalina.load Server initialization in [1136] milliseconds
10-Dec-2024 12:16:16.062 INFO [main] org.apache.catalina.core.StandardService.startInternal Starting service [Catalina]
10-Dec-2024 12:16:16.063 INFO [main] org.apache.catalina.core.StandardEngine.startInternal Starting Servlet engine: [Apache Tomcat/10.1.24]
10-Dec-2024 12:16:16.079 INFO [main] org.apache.catalina.startup.HostConfig.deployDescriptor Deploying deployment descriptor [C:\Users\voduc\OneDrive\Máy tính\LapTrinhWeb\conf\Catalina\localhost\ROOT.xml]
10-Dec-2024 12:16:18.477 INFO [main] org.apache.jasper.servlet.TldScanner.scanJars At least one JAR was scanned for TLDs yet contained no TLDs. Enable debug logging for this logger for a complete list of JARs that were scanned but no TLDs were found in them. Skipping unneeded JARs during scanning can improve startup time and JSP compilation time.
10-Dec-2024 12:16:18.562 INFO [main] org.apache.catalina.startup.HostConfig.deployDescriptor Deployment of deployment descriptor [C:\Users\voduc\OneDrive\Máy tính\LapTrinhWeb\conf\Catalina\localhost\ROOT.xml] has finished in [2,483] ms
10-Dec-2024 12:16:18.568 INFO [main] org.apache.coyote.AbstractProtocol.start Starting ProtocolHandler ["http-nio-8080"]
10-Dec-2024 12:16:18.598 INFO [main] org.apache.coyote.AbstractProtocol.start Starting ProtocolHandler ["https-openssl-nio-8443"]
10-Dec-2024 12:16:18.602 INFO [main] org.apache.catalina.startup.Catalina.start Server startup in [2598] milliseconds
10-Dec-2024 12:41:42.502 INFO [Thread-1] org.apache.coyote.AbstractProtocol.pause Pausing ProtocolHandler ["http-nio-8080"]
10-Dec-2024 12:41:42.524 INFO [Thread-1] org.apache.coyote.AbstractProtocol.pause Pausing ProtocolHandler ["https-openssl-nio-8443"]
10-Dec-2024 12:41:42.540 INFO [Thread-1] org.apache.catalina.core.StandardService.stopInternal Stopping service [Catalina]
10-Dec-2024 12:41:42.554 WARNING [Thread-1] org.apache.catalina.loader.WebappClassLoaderBase.clearReferencesJdbc The web application [ROOT] registered the JDBC driver [com.mysql.cj.jdbc.Driver] but failed to unregister it when the web application was stopped. To prevent a memory leak, the JDBC Driver has been forcibly unregistered.
10-Dec-2024 12:41:42.556 WARNING [Thread-1] org.apache.catalina.loader.WebappClassLoaderBase.clearReferencesThreads The web application [ROOT] appears to have started a thread named [mysql-cj-abandoned-connection-cleanup] but has failed to stop it. This is very likely to create a memory leak. Stack trace of thread:
 java.base@17.0.11/java.lang.Object.wait(Native Method)
 java.base@17.0.11/java.lang.ref.ReferenceQueue.remove(ReferenceQueue.java:155)
 com.mysql.cj.jdbc.AbandonedConnectionCleanupThread.run(AbandonedConnectionCleanupThread.java:91)
 java.base@17.0.11/java.util.concurrent.ThreadPoolExecutor.runWorker(ThreadPoolExecutor.java:1136)
 java.base@17.0.11/java.util.concurrent.ThreadPoolExecutor$Worker.run(ThreadPoolExecutor.java:635)
 java.base@17.0.11/java.lang.Thread.run(Thread.java:842)
10-Dec-2024 12:41:42.573 INFO [Thread-1] org.apache.coyote.AbstractProtocol.stop Stopping ProtocolHandler ["http-nio-8080"]
10-Dec-2024 12:41:42.584 INFO [Thread-1] org.apache.coyote.AbstractProtocol.stop Stopping ProtocolHandler ["https-openssl-nio-8443"]
10-Dec-2024 12:41:42.603 INFO [Thread-1] org.apache.coyote.AbstractProtocol.destroy Destroying ProtocolHandler ["http-nio-8080"]
10-Dec-2024 12:41:42.604 INFO [Thread-1] org.apache.coyote.AbstractProtocol.destroy Destroying ProtocolHandler ["https-openssl-nio-8443"]
10-Dec-2024 12:41:42.619 INFO [mysql-cj-abandoned-connection-cleanup] org.apache.catalina.loader.WebappClassLoaderBase.checkStateForResourceLoading Illegal access: this web application instance has been stopped already. Could not load []. The following stack trace is thrown for debugging purposes as well as to attempt to terminate the thread which caused the illegal access.
	java.lang.IllegalStateException: Illegal access: this web application instance has been stopped already. Could not load []. The following stack trace is thrown for debugging purposes as well as to attempt to terminate the thread which caused the illegal access.
		at org.apache.catalina.loader.WebappClassLoaderBase.checkStateForResourceLoading(WebappClassLoaderBase.java:1352)
		at org.apache.catalina.loader.WebappClassLoaderBase.getResource(WebappClassLoaderBase.java:950)
		at com.mysql.cj.jdbc.AbandonedConnectionCleanupThread.checkThreadContextClassLoader(AbandonedConnectionCleanupThread.java:123)
		at com.mysql.cj.jdbc.AbandonedConnectionCleanupThread.run(AbandonedConnectionCleanupThread.java:90)
		at java.base/java.util.concurrent.ThreadPoolExecutor.runWorker(ThreadPoolExecutor.java:1136)
		at java.base/java.util.concurrent.ThreadPoolExecutor$Worker.run(ThreadPoolExecutor.java:635)
		at java.base/java.lang.Thread.run(Thread.java:842)
10-Dec-2024 12:41:42.620 INFO [mysql-cj-abandoned-connection-cleanup] org.apache.catalina.loader.WebappClassLoaderBase.checkStateForResourceLoading Illegal access: this web application instance has been stopped already. Could not load []. The following stack trace is thrown for debugging purposes as well as to attempt to terminate the thread which caused the illegal access.
	java.lang.IllegalStateException: Illegal access: this web application instance has been stopped already. Could not load []. The following stack trace is thrown for debugging purposes as well as to attempt to terminate the thread which caused the illegal access.
		at org.apache.catalina.loader.WebappClassLoaderBase.checkStateForResourceLoading(WebappClassLoaderBase.java:1352)
		at org.apache.catalina.loader.WebappClassLoaderBase.getResource(WebappClassLoaderBase.java:950)
		at com.mysql.cj.jdbc.AbandonedConnectionCleanupThread.checkThreadContextClassLoader(AbandonedConnectionCleanupThread.java:123)
		at com.mysql.cj.jdbc.AbandonedConnectionCleanupThread.run(AbandonedConnectionCleanupThread.java:90)
		at java.base/java.util.concurrent.ThreadPoolExecutor.runWorker(ThreadPoolExecutor.java:1136)
		at java.base/java.util.concurrent.ThreadPoolExecutor$Worker.run(ThreadPoolExecutor.java:635)
		at java.base/java.lang.Thread.run(Thread.java:842)
10-Dec-2024 12:43:09.008 INFO [main] org.apache.catalina.startup.VersionLoggerListener.log Server version name:   Apache Tomcat/10.1.24
10-Dec-2024 12:43:09.015 INFO [main] org.apache.catalina.startup.VersionLoggerListener.log Server built:          May 9 2024 17:41:23 UTC
10-Dec-2024 12:43:09.015 INFO [main] org.apache.catalina.startup.VersionLoggerListener.log Server version number: 10.1.24.0
10-Dec-2024 12:43:09.016 INFO [main] org.apache.catalina.startup.VersionLoggerListener.log OS Name:               Windows 11
10-Dec-2024 12:43:09.016 INFO [main] org.apache.catalina.startup.VersionLoggerListener.log OS Version:            10.0
10-Dec-2024 12:43:09.016 INFO [main] org.apache.catalina.startup.VersionLoggerListener.log Architecture:          amd64
10-Dec-2024 12:43:09.016 INFO [main] org.apache.catalina.startup.VersionLoggerListener.log Java Home:             C:\Program Files\Java\jdk-17
10-Dec-2024 12:43:09.016 INFO [main] org.apache.catalina.startup.VersionLoggerListener.log JVM Version:           17.0.11+7-LTS-207
10-Dec-2024 12:43:09.016 INFO [main] org.apache.catalina.startup.VersionLoggerListener.log JVM Vendor:            Oracle Corporation
10-Dec-2024 12:43:09.016 INFO [main] org.apache.catalina.startup.VersionLoggerListener.log CATALINA_BASE:         C:\Users\voduc\OneDrive\Máy tính\LapTrinhWeb
10-Dec-2024 12:43:09.016 INFO [main] org.apache.catalina.startup.VersionLoggerListener.log CATALINA_HOME:         C:\Users\voduc\apache-tomcat-10.1.24
10-Dec-2024 12:43:09.028 INFO [main] org.apache.catalina.startup.VersionLoggerListener.log Command line argument: --add-opens=java.base/java.lang=ALL-UNNAMED
10-Dec-2024 12:43:09.029 INFO [main] org.apache.catalina.startup.VersionLoggerListener.log Command line argument: --add-opens=java.base/java.io=ALL-UNNAMED
10-Dec-2024 12:43:09.029 INFO [main] org.apache.catalina.startup.VersionLoggerListener.log Command line argument: --add-opens=java.base/java.util=ALL-UNNAMED
10-Dec-2024 12:43:09.029 INFO [main] org.apache.catalina.startup.VersionLoggerListener.log Command line argument: --add-opens=java.base/java.util.concurrent=ALL-UNNAMED
10-Dec-2024 12:43:09.029 INFO [main] org.apache.catalina.startup.VersionLoggerListener.log Command line argument: --add-opens=java.rmi/sun.rmi.transport=ALL-UNNAMED
10-Dec-2024 12:43:09.029 INFO [main] org.apache.catalina.startup.VersionLoggerListener.log Command line argument: -Dcatalina.home=C:\Users\voduc\apache-tomcat-10.1.24
10-Dec-2024 12:43:09.030 INFO [main] org.apache.catalina.startup.VersionLoggerListener.log Command line argument: -Dcatalina.base=C:\Users\voduc\OneDrive\Máy tính\LapTrinhWeb
10-Dec-2024 12:43:09.030 INFO [main] org.apache.catalina.startup.VersionLoggerListener.log Command line argument: -Djava.io.tmpdir=C:\Users\voduc\OneDrive\Máy tính\LapTrinhWeb\temp
10-Dec-2024 12:43:09.030 INFO [main] org.apache.catalina.startup.VersionLoggerListener.log Command line argument: -Djava.util.logging.config.file=C:\Users\voduc\OneDrive\Máy tính\LapTrinhWeb\conf\logging.properties
10-Dec-2024 12:43:09.030 INFO [main] org.apache.catalina.startup.VersionLoggerListener.log Command line argument: -Djava.util.logging.manager=org.apache.juli.ClassLoaderLogManager
10-Dec-2024 12:43:09.030 INFO [main] org.apache.catalina.startup.VersionLoggerListener.log Command line argument: -javaagent:C:\Program Files\JetBrains\IntelliJ IDEA 2023.2\lib\idea_rt.jar=56372:C:\Program Files\JetBrains\IntelliJ IDEA 2023.2\bin
10-Dec-2024 12:43:09.030 INFO [main] org.apache.catalina.startup.VersionLoggerListener.log Command line argument: -Dfile.encoding=UTF-8
10-Dec-2024 12:43:09.034 INFO [main] org.apache.catalina.core.AprLifecycleListener.lifecycleEvent Loaded Apache Tomcat Native library [2.0.7] using APR version [1.7.4].
10-Dec-2024 12:43:09.047 INFO [main] org.apache.catalina.core.AprLifecycleListener.initializeSSL OpenSSL successfully initialized [OpenSSL 3.0.13 30 Jan 2024]
10-Dec-2024 12:43:09.378 INFO [main] org.apache.coyote.AbstractProtocol.init Initializing ProtocolHandler ["http-nio-8080"]
10-Dec-2024 12:43:09.401 INFO [main] org.apache.coyote.AbstractProtocol.init Initializing ProtocolHandler ["https-openssl-nio-8443"]
10-Dec-2024 12:43:09.753 INFO [main] org.apache.tomcat.util.net.AbstractEndpoint.logCertificate Connector [https-openssl-nio-8443], TLS virtual host [_default_], certificate type [RSA] configured from keystore [conf/key.jks] using alias [tomcat] with trust store [null]
10-Dec-2024 12:43:09.763 INFO [main] org.apache.catalina.startup.Catalina.load Server initialization in [1013] milliseconds
10-Dec-2024 12:43:09.826 INFO [main] org.apache.catalina.core.StandardService.startInternal Starting service [Catalina]
10-Dec-2024 12:43:09.827 INFO [main] org.apache.catalina.core.StandardEngine.startInternal Starting Servlet engine: [Apache Tomcat/10.1.24]
10-Dec-2024 12:43:09.838 INFO [main] org.apache.catalina.startup.HostConfig.deployDescriptor Deploying deployment descriptor [C:\Users\voduc\OneDrive\Máy tính\LapTrinhWeb\conf\Catalina\localhost\ROOT.xml]
10-Dec-2024 12:43:12.387 INFO [main] org.apache.jasper.servlet.TldScanner.scanJars At least one JAR was scanned for TLDs yet contained no TLDs. Enable debug logging for this logger for a complete list of JARs that were scanned but no TLDs were found in them. Skipping unneeded JARs during scanning can improve startup time and JSP compilation time.
10-Dec-2024 12:43:12.461 INFO [main] org.apache.catalina.startup.HostConfig.deployDescriptor Deployment of deployment descriptor [C:\Users\voduc\OneDrive\Máy tính\LapTrinhWeb\conf\Catalina\localhost\ROOT.xml] has finished in [2,622] ms
10-Dec-2024 12:43:12.467 INFO [main] org.apache.coyote.AbstractProtocol.start Starting ProtocolHandler ["http-nio-8080"]
10-Dec-2024 12:43:12.488 INFO [main] org.apache.coyote.AbstractProtocol.start Starting ProtocolHandler ["https-openssl-nio-8443"]
10-Dec-2024 12:43:12.491 INFO [main] org.apache.catalina.startup.Catalina.start Server startup in [2728] milliseconds
10-Dec-2024 12:44:10.207 INFO [Thread-1] org.apache.coyote.AbstractProtocol.pause Pausing ProtocolHandler ["http-nio-8080"]
10-Dec-2024 12:44:10.226 INFO [Thread-1] org.apache.coyote.AbstractProtocol.pause Pausing ProtocolHandler ["https-openssl-nio-8443"]
10-Dec-2024 12:44:10.239 INFO [Thread-1] org.apache.catalina.core.StandardService.stopInternal Stopping service [Catalina]
10-Dec-2024 12:44:10.246 WARNING [Thread-1] org.apache.catalina.loader.WebappClassLoaderBase.clearReferencesJdbc The web application [ROOT] registered the JDBC driver [com.mysql.cj.jdbc.Driver] but failed to unregister it when the web application was stopped. To prevent a memory leak, the JDBC Driver has been forcibly unregistered.
10-Dec-2024 12:44:10.248 WARNING [Thread-1] org.apache.catalina.loader.WebappClassLoaderBase.clearReferencesThreads The web application [ROOT] appears to have started a thread named [mysql-cj-abandoned-connection-cleanup] but has failed to stop it. This is very likely to create a memory leak. Stack trace of thread:
 java.base@17.0.11/java.lang.Object.wait(Native Method)
 java.base@17.0.11/java.lang.ref.ReferenceQueue.remove(ReferenceQueue.java:155)
 com.mysql.cj.jdbc.AbandonedConnectionCleanupThread.run(AbandonedConnectionCleanupThread.java:91)
 java.base@17.0.11/java.util.concurrent.ThreadPoolExecutor.runWorker(ThreadPoolExecutor.java:1136)
 java.base@17.0.11/java.util.concurrent.ThreadPoolExecutor$Worker.run(ThreadPoolExecutor.java:635)
 java.base@17.0.11/java.lang.Thread.run(Thread.java:842)
10-Dec-2024 12:44:10.252 INFO [Thread-1] org.apache.coyote.AbstractProtocol.stop Stopping ProtocolHandler ["http-nio-8080"]
10-Dec-2024 12:44:10.256 INFO [Thread-1] org.apache.coyote.AbstractProtocol.stop Stopping ProtocolHandler ["https-openssl-nio-8443"]
10-Dec-2024 12:44:10.275 INFO [Thread-1] org.apache.coyote.AbstractProtocol.destroy Destroying ProtocolHandler ["http-nio-8080"]
10-Dec-2024 12:44:10.275 INFO [Thread-1] org.apache.coyote.AbstractProtocol.destroy Destroying ProtocolHandler ["https-openssl-nio-8443"]
10-Dec-2024 12:44:11.974 INFO [main] org.apache.catalina.startup.VersionLoggerListener.log Server version name:   Apache Tomcat/10.1.24
10-Dec-2024 12:44:11.980 INFO [main] org.apache.catalina.startup.VersionLoggerListener.log Server built:          May 9 2024 17:41:23 UTC
10-Dec-2024 12:44:11.980 INFO [main] org.apache.catalina.startup.VersionLoggerListener.log Server version number: 10.1.24.0
10-Dec-2024 12:44:11.980 INFO [main] org.apache.catalina.startup.VersionLoggerListener.log OS Name:               Windows 11
10-Dec-2024 12:44:11.980 INFO [main] org.apache.catalina.startup.VersionLoggerListener.log OS Version:            10.0
10-Dec-2024 12:44:11.981 INFO [main] org.apache.catalina.startup.VersionLoggerListener.log Architecture:          amd64
10-Dec-2024 12:44:11.981 INFO [main] org.apache.catalina.startup.VersionLoggerListener.log Java Home:             C:\Program Files\Java\jdk-17
10-Dec-2024 12:44:11.981 INFO [main] org.apache.catalina.startup.VersionLoggerListener.log JVM Version:           17.0.11+7-LTS-207
10-Dec-2024 12:44:11.981 INFO [main] org.apache.catalina.startup.VersionLoggerListener.log JVM Vendor:            Oracle Corporation
10-Dec-2024 12:44:11.981 INFO [main] org.apache.catalina.startup.VersionLoggerListener.log CATALINA_BASE:         C:\Users\voduc\OneDrive\Máy tính\LapTrinhWeb
10-Dec-2024 12:44:11.981 INFO [main] org.apache.catalina.startup.VersionLoggerListener.log CATALINA_HOME:         C:\Users\voduc\apache-tomcat-10.1.24
10-Dec-2024 12:44:11.992 INFO [main] org.apache.catalina.startup.VersionLoggerListener.log Command line argument: --add-opens=java.base/java.lang=ALL-UNNAMED
10-Dec-2024 12:44:11.992 INFO [main] org.apache.catalina.startup.VersionLoggerListener.log Command line argument: --add-opens=java.base/java.io=ALL-UNNAMED
10-Dec-2024 12:44:11.992 INFO [main] org.apache.catalina.startup.VersionLoggerListener.log Command line argument: --add-opens=java.base/java.util=ALL-UNNAMED
10-Dec-2024 12:44:11.992 INFO [main] org.apache.catalina.startup.VersionLoggerListener.log Command line argument: --add-opens=java.base/java.util.concurrent=ALL-UNNAMED
10-Dec-2024 12:44:11.993 INFO [main] org.apache.catalina.startup.VersionLoggerListener.log Command line argument: --add-opens=java.rmi/sun.rmi.transport=ALL-UNNAMED
10-Dec-2024 12:44:11.993 INFO [main] org.apache.catalina.startup.VersionLoggerListener.log Command line argument: -Dcatalina.home=C:\Users\voduc\apache-tomcat-10.1.24
10-Dec-2024 12:44:11.993 INFO [main] org.apache.catalina.startup.VersionLoggerListener.log Command line argument: -Dcatalina.base=C:\Users\voduc\OneDrive\Máy tính\LapTrinhWeb
10-Dec-2024 12:44:11.993 INFO [main] org.apache.catalina.startup.VersionLoggerListener.log Command line argument: -Djava.io.tmpdir=C:\Users\voduc\OneDrive\Máy tính\LapTrinhWeb\temp
10-Dec-2024 12:44:11.993 INFO [main] org.apache.catalina.startup.VersionLoggerListener.log Command line argument: -Djava.util.logging.config.file=C:\Users\voduc\OneDrive\Máy tính\LapTrinhWeb\conf\logging.properties
10-Dec-2024 12:44:11.993 INFO [main] org.apache.catalina.startup.VersionLoggerListener.log Command line argument: -Djava.util.logging.manager=org.apache.juli.ClassLoaderLogManager
10-Dec-2024 12:44:11.993 INFO [main] org.apache.catalina.startup.VersionLoggerListener.log Command line argument: -javaagent:C:\Program Files\JetBrains\IntelliJ IDEA 2023.2\lib\idea_rt.jar=56476:C:\Program Files\JetBrains\IntelliJ IDEA 2023.2\bin
10-Dec-2024 12:44:11.993 INFO [main] org.apache.catalina.startup.VersionLoggerListener.log Command line argument: -Dfile.encoding=UTF-8
10-Dec-2024 12:44:11.997 INFO [main] org.apache.catalina.core.AprLifecycleListener.lifecycleEvent Loaded Apache Tomcat Native library [2.0.7] using APR version [1.7.4].
10-Dec-2024 12:44:12.004 INFO [main] org.apache.catalina.core.AprLifecycleListener.initializeSSL OpenSSL successfully initialized [OpenSSL 3.0.13 30 Jan 2024]
10-Dec-2024 12:44:12.301 INFO [main] org.apache.coyote.AbstractProtocol.init Initializing ProtocolHandler ["http-nio-8080"]
10-Dec-2024 12:44:12.321 INFO [main] org.apache.coyote.AbstractProtocol.init Initializing ProtocolHandler ["https-openssl-nio-8443"]
10-Dec-2024 12:44:12.663 INFO [main] org.apache.tomcat.util.net.AbstractEndpoint.logCertificate Connector [https-openssl-nio-8443], TLS virtual host [_default_], certificate type [RSA] configured from keystore [conf/key.jks] using alias [tomcat] with trust store [null]
10-Dec-2024 12:44:12.670 INFO [main] org.apache.catalina.startup.Catalina.load Server initialization in [940] milliseconds
10-Dec-2024 12:44:12.721 INFO [main] org.apache.catalina.core.StandardService.startInternal Starting service [Catalina]
10-Dec-2024 12:44:12.722 INFO [main] org.apache.catalina.core.StandardEngine.startInternal Starting Servlet engine: [Apache Tomcat/10.1.24]
10-Dec-2024 12:44:12.737 INFO [main] org.apache.catalina.startup.HostConfig.deployDescriptor Deploying deployment descriptor [C:\Users\voduc\OneDrive\Máy tính\LapTrinhWeb\conf\Catalina\localhost\ROOT.xml]
10-Dec-2024 12:44:15.078 INFO [main] org.apache.jasper.servlet.TldScanner.scanJars At least one JAR was scanned for TLDs yet contained no TLDs. Enable debug logging for this logger for a complete list of JARs that were scanned but no TLDs were found in them. Skipping unneeded JARs during scanning can improve startup time and JSP compilation time.
10-Dec-2024 12:44:15.154 INFO [main] org.apache.catalina.startup.HostConfig.deployDescriptor Deployment of deployment descriptor [C:\Users\voduc\OneDrive\Máy tính\LapTrinhWeb\conf\Catalina\localhost\ROOT.xml] has finished in [2,416] ms
10-Dec-2024 12:44:15.158 INFO [main] org.apache.coyote.AbstractProtocol.start Starting ProtocolHandler ["http-nio-8080"]
10-Dec-2024 12:44:15.175 INFO [main] org.apache.coyote.AbstractProtocol.start Starting ProtocolHandler ["https-openssl-nio-8443"]
10-Dec-2024 12:44:15.178 INFO [main] org.apache.catalina.startup.Catalina.start Server startup in [2507] milliseconds
