15-Dec-2024 16:32:14.404 INFO [main] org.apache.catalina.core.ApplicationContext.log No Spring WebApplicationInitializer types detected on classpath
15-Dec-2024 16:38:40.027 INFO [main] org.apache.catalina.core.ApplicationContext.log No Spring WebApplicationInitializer types detected on classpath
15-Dec-2024 21:41:04.314 INFO [main] org.apache.catalina.core.ApplicationContext.log No Spring WebApplicationInitializer types detected on classpath
15-Dec-2024 21:44:18.732 INFO [main] org.apache.catalina.core.ApplicationContext.log No Spring WebApplicationInitializer types detected on classpath
15-Dec-2024 21:45:56.449 SEVERE [https-openssl-nio-8443-exec-10] org.apache.catalina.core.StandardWrapperValve.invoke Servlet.service() for servlet [jsp] in context with path [] threw exception [Unable to compile class for JSP: 

An error occurred at line: [33] in the jsp file: [/create-key.jsp]
Syntax error on tokens, ( expected instead
30: <div class="container">
31: 
32:     <%
33: <<<<<<< HEAD
34: =======
35:         // Hiển thị thông báo nếu có
36: >>>>>>> origin/khoa


An error occurred at line: [33] in the jsp file: [/create-key.jsp]
The left-hand side of an assignment must be a variable
30: <div class="container">
31: 
32:     <%
33: <<<<<<< HEAD
34: =======
35:         // Hiển thị thông báo nếu có
36: >>>>>>> origin/khoa


An error occurred at line: [36] in the jsp file: [/create-key.jsp]
Syntax error, insert ")" to complete Expression
33: <<<<<<< HEAD
34: =======
35:         // Hiển thị thông báo nếu có
36: >>>>>>> origin/khoa
37:         String message = (String) session.getAttribute("message");
38:         if (message != null) {
39:             session.removeAttribute("message"); // Xóa thông báo sau khi hiển thị


An error occurred at line: [36] in the jsp file: [/create-key.jsp]
Syntax error, insert "AssignmentOperator Expression" to complete Assignment
33: <<<<<<< HEAD
34: =======
35:         // Hiển thị thông báo nếu có
36: >>>>>>> origin/khoa
37:         String message = (String) session.getAttribute("message");
38:         if (message != null) {
39:             session.removeAttribute("message"); // Xóa thông báo sau khi hiển thị


An error occurred at line: [36] in the jsp file: [/create-key.jsp]
Syntax error, insert ";" to complete Statement
33: <<<<<<< HEAD
34: =======
35:         // Hiển thị thông báo nếu có
36: >>>>>>> origin/khoa
37:         String message = (String) session.getAttribute("message");
38:         if (message != null) {
39:             session.removeAttribute("message"); // Xóa thông báo sau khi hiển thị


Stacktrace:] with root cause
	org.apache.jasper.JasperException: Unable to compile class for JSP: 

An error occurred at line: [33] in the jsp file: [/create-key.jsp]
Syntax error on tokens, ( expected instead
30: <div class="container">
31: 
32:     <%
33: <<<<<<< HEAD
34: =======
35:         // Hiển thị thông báo nếu có
36: >>>>>>> origin/khoa


An error occurred at line: [33] in the jsp file: [/create-key.jsp]
The left-hand side of an assignment must be a variable
30: <div class="container">
31: 
32:     <%
33: <<<<<<< HEAD
34: =======
35:         // Hiển thị thông báo nếu có
36: >>>>>>> origin/khoa


An error occurred at line: [36] in the jsp file: [/create-key.jsp]
Syntax error, insert ")" to complete Expression
33: <<<<<<< HEAD
34: =======
35:         // Hiển thị thông báo nếu có
36: >>>>>>> origin/khoa
37:         String message = (String) session.getAttribute("message");
38:         if (message != null) {
39:             session.removeAttribute("message"); // Xóa thông báo sau khi hiển thị


An error occurred at line: [36] in the jsp file: [/create-key.jsp]
Syntax error, insert "AssignmentOperator Expression" to complete Assignment
33: <<<<<<< HEAD
34: =======
35:         // Hiển thị thông báo nếu có
36: >>>>>>> origin/khoa
37:         String message = (String) session.getAttribute("message");
38:         if (message != null) {
39:             session.removeAttribute("message"); // Xóa thông báo sau khi hiển thị


An error occurred at line: [36] in the jsp file: [/create-key.jsp]
Syntax error, insert ";" to complete Statement
33: <<<<<<< HEAD
34: =======
35:         // Hiển thị thông báo nếu có
36: >>>>>>> origin/khoa
37:         String message = (String) session.getAttribute("message");
38:         if (message != null) {
39:             session.removeAttribute("message"); // Xóa thông báo sau khi hiển thị


Stacktrace:
		at org.apache.jasper.compiler.DefaultErrorHandler.javacError(DefaultErrorHandler.java:102)
		at org.apache.jasper.compiler.ErrorDispatcher.javacError(ErrorDispatcher.java:214)
		at org.apache.jasper.compiler.JDTCompiler.generateClass(JDTCompiler.java:535)
		at org.apache.jasper.compiler.Compiler.compile(Compiler.java:402)
		at org.apache.jasper.compiler.Compiler.compile(Compiler.java:372)
		at org.apache.jasper.compiler.Compiler.compile(Compiler.java:356)
		at org.apache.jasper.JspCompilationContext.compile(JspCompilationContext.java:603)
		at org.apache.jasper.servlet.JspServletWrapper.service(JspServletWrapper.java:396)
		at org.apache.jasper.servlet.JspServlet.serviceJspFile(JspServlet.java:380)
		at org.apache.jasper.servlet.JspServlet.service(JspServlet.java:328)
		at jakarta.servlet.http.HttpServlet.service(HttpServlet.java:658)
		at org.apache.catalina.core.ApplicationFilterChain.internalDoFilter(ApplicationFilterChain.java:195)
		at org.apache.catalina.core.ApplicationFilterChain.doFilter(ApplicationFilterChain.java:140)
		at org.apache.tomcat.websocket.server.WsFilter.doFilter(WsFilter.java:51)
		at org.apache.catalina.core.ApplicationFilterChain.internalDoFilter(ApplicationFilterChain.java:164)
		at org.apache.catalina.core.ApplicationFilterChain.doFilter(ApplicationFilterChain.java:140)
		at org.apache.catalina.core.StandardWrapperValve.invoke(StandardWrapperValve.java:167)
		at org.apache.catalina.core.StandardContextValve.invoke(StandardContextValve.java:90)
		at org.apache.catalina.authenticator.AuthenticatorBase.invoke(AuthenticatorBase.java:482)
		at org.apache.catalina.core.StandardHostValve.invoke(StandardHostValve.java:115)
		at org.apache.catalina.valves.ErrorReportValve.invoke(ErrorReportValve.java:93)
		at org.apache.catalina.valves.AbstractAccessLogValve.invoke(AbstractAccessLogValve.java:663)
		at org.apache.catalina.core.StandardEngineValve.invoke(StandardEngineValve.java:74)
		at org.apache.catalina.connector.CoyoteAdapter.service(CoyoteAdapter.java:344)
		at org.apache.coyote.http11.Http11Processor.service(Http11Processor.java:389)
		at org.apache.coyote.AbstractProcessorLight.process(AbstractProcessorLight.java:63)
		at org.apache.coyote.AbstractProtocol$ConnectionHandler.process(AbstractProtocol.java:896)
		at org.apache.tomcat.util.net.NioEndpoint$SocketProcessor.doRun(NioEndpoint.java:1741)
		at org.apache.tomcat.util.net.SocketProcessorBase.run(SocketProcessorBase.java:52)
		at org.apache.tomcat.util.threads.ThreadPoolExecutor.runWorker(ThreadPoolExecutor.java:1190)
		at org.apache.tomcat.util.threads.ThreadPoolExecutor$Worker.run(ThreadPoolExecutor.java:659)
		at org.apache.tomcat.util.threads.TaskThread$WrappingRunnable.run(TaskThread.java:63)
		at java.base/java.lang.Thread.run(Thread.java:842)
15-Dec-2024 21:46:29.786 SEVERE [https-openssl-nio-8443-exec-9] org.apache.catalina.core.StandardWrapperValve.invoke Servlet.service() for servlet [jsp] in context with path [] threw exception [Unable to compile class for JSP: 

An error occurred at line: [33] in the jsp file: [/create-key.jsp]
Syntax error on tokens, ( expected instead
30: <div class="container">
31: 
32:     <%
33: <<<<<<< HEAD
34: =======
35:         // Hiển thị thông báo nếu có
36: >>>>>>> origin/khoa


An error occurred at line: [33] in the jsp file: [/create-key.jsp]
The left-hand side of an assignment must be a variable
30: <div class="container">
31: 
32:     <%
33: <<<<<<< HEAD
34: =======
35:         // Hiển thị thông báo nếu có
36: >>>>>>> origin/khoa


An error occurred at line: [36] in the jsp file: [/create-key.jsp]
Syntax error, insert ")" to complete Expression
33: <<<<<<< HEAD
34: =======
35:         // Hiển thị thông báo nếu có
36: >>>>>>> origin/khoa
37:         String message = (String) session.getAttribute("message");
38:         if (message != null) {
39:             session.removeAttribute("message"); // Xóa thông báo sau khi hiển thị


An error occurred at line: [36] in the jsp file: [/create-key.jsp]
Syntax error, insert "AssignmentOperator Expression" to complete Assignment
33: <<<<<<< HEAD
34: =======
35:         // Hiển thị thông báo nếu có
36: >>>>>>> origin/khoa
37:         String message = (String) session.getAttribute("message");
38:         if (message != null) {
39:             session.removeAttribute("message"); // Xóa thông báo sau khi hiển thị


An error occurred at line: [36] in the jsp file: [/create-key.jsp]
Syntax error, insert ";" to complete Statement
33: <<<<<<< HEAD
34: =======
35:         // Hiển thị thông báo nếu có
36: >>>>>>> origin/khoa
37:         String message = (String) session.getAttribute("message");
38:         if (message != null) {
39:             session.removeAttribute("message"); // Xóa thông báo sau khi hiển thị


Stacktrace:] with root cause
	org.apache.jasper.JasperException: Unable to compile class for JSP: 

An error occurred at line: [33] in the jsp file: [/create-key.jsp]
Syntax error on tokens, ( expected instead
30: <div class="container">
31: 
32:     <%
33: <<<<<<< HEAD
34: =======
35:         // Hiển thị thông báo nếu có
36: >>>>>>> origin/khoa


An error occurred at line: [33] in the jsp file: [/create-key.jsp]
The left-hand side of an assignment must be a variable
30: <div class="container">
31: 
32:     <%
33: <<<<<<< HEAD
34: =======
35:         // Hiển thị thông báo nếu có
36: >>>>>>> origin/khoa


An error occurred at line: [36] in the jsp file: [/create-key.jsp]
Syntax error, insert ")" to complete Expression
33: <<<<<<< HEAD
34: =======
35:         // Hiển thị thông báo nếu có
36: >>>>>>> origin/khoa
37:         String message = (String) session.getAttribute("message");
38:         if (message != null) {
39:             session.removeAttribute("message"); // Xóa thông báo sau khi hiển thị


An error occurred at line: [36] in the jsp file: [/create-key.jsp]
Syntax error, insert "AssignmentOperator Expression" to complete Assignment
33: <<<<<<< HEAD
34: =======
35:         // Hiển thị thông báo nếu có
36: >>>>>>> origin/khoa
37:         String message = (String) session.getAttribute("message");
38:         if (message != null) {
39:             session.removeAttribute("message"); // Xóa thông báo sau khi hiển thị


An error occurred at line: [36] in the jsp file: [/create-key.jsp]
Syntax error, insert ";" to complete Statement
33: <<<<<<< HEAD
34: =======
35:         // Hiển thị thông báo nếu có
36: >>>>>>> origin/khoa
37:         String message = (String) session.getAttribute("message");
38:         if (message != null) {
39:             session.removeAttribute("message"); // Xóa thông báo sau khi hiển thị


Stacktrace:
		at org.apache.jasper.compiler.DefaultErrorHandler.javacError(DefaultErrorHandler.java:102)
		at org.apache.jasper.compiler.ErrorDispatcher.javacError(ErrorDispatcher.java:214)
		at org.apache.jasper.compiler.JDTCompiler.generateClass(JDTCompiler.java:535)
		at org.apache.jasper.compiler.Compiler.compile(Compiler.java:402)
		at org.apache.jasper.compiler.Compiler.compile(Compiler.java:372)
		at org.apache.jasper.compiler.Compiler.compile(Compiler.java:356)
		at org.apache.jasper.JspCompilationContext.compile(JspCompilationContext.java:603)
		at org.apache.jasper.servlet.JspServletWrapper.service(JspServletWrapper.java:396)
		at org.apache.jasper.servlet.JspServlet.serviceJspFile(JspServlet.java:380)
		at org.apache.jasper.servlet.JspServlet.service(JspServlet.java:328)
		at jakarta.servlet.http.HttpServlet.service(HttpServlet.java:658)
		at org.apache.catalina.core.ApplicationFilterChain.internalDoFilter(ApplicationFilterChain.java:195)
		at org.apache.catalina.core.ApplicationFilterChain.doFilter(ApplicationFilterChain.java:140)
		at org.apache.tomcat.websocket.server.WsFilter.doFilter(WsFilter.java:51)
		at org.apache.catalina.core.ApplicationFilterChain.internalDoFilter(ApplicationFilterChain.java:164)
		at org.apache.catalina.core.ApplicationFilterChain.doFilter(ApplicationFilterChain.java:140)
		at org.apache.catalina.core.StandardWrapperValve.invoke(StandardWrapperValve.java:167)
		at org.apache.catalina.core.StandardContextValve.invoke(StandardContextValve.java:90)
		at org.apache.catalina.authenticator.AuthenticatorBase.invoke(AuthenticatorBase.java:482)
		at org.apache.catalina.core.StandardHostValve.invoke(StandardHostValve.java:115)
		at org.apache.catalina.valves.ErrorReportValve.invoke(ErrorReportValve.java:93)
		at org.apache.catalina.valves.AbstractAccessLogValve.invoke(AbstractAccessLogValve.java:663)
		at org.apache.catalina.core.StandardEngineValve.invoke(StandardEngineValve.java:74)
		at org.apache.catalina.connector.CoyoteAdapter.service(CoyoteAdapter.java:344)
		at org.apache.coyote.http11.Http11Processor.service(Http11Processor.java:389)
		at org.apache.coyote.AbstractProcessorLight.process(AbstractProcessorLight.java:63)
		at org.apache.coyote.AbstractProtocol$ConnectionHandler.process(AbstractProtocol.java:896)
		at org.apache.tomcat.util.net.NioEndpoint$SocketProcessor.doRun(NioEndpoint.java:1741)
		at org.apache.tomcat.util.net.SocketProcessorBase.run(SocketProcessorBase.java:52)
		at org.apache.tomcat.util.threads.ThreadPoolExecutor.runWorker(ThreadPoolExecutor.java:1190)
		at org.apache.tomcat.util.threads.ThreadPoolExecutor$Worker.run(ThreadPoolExecutor.java:659)
		at org.apache.tomcat.util.threads.TaskThread$WrappingRunnable.run(TaskThread.java:63)
		at java.base/java.lang.Thread.run(Thread.java:842)
15-Dec-2024 21:54:31.487 INFO [main] org.apache.catalina.core.ApplicationContext.log No Spring WebApplicationInitializer types detected on classpath
